2025-01-18 23:01:00,381 - __main__ - INFO - Starting bot...
2025-01-18 23:01:00,414 - __main__ - INFO - Registering command handlers...
2025-01-18 23:01:00,414 - __main__ - DEBUG - Start handler registered.
2025-01-18 23:01:00,414 - __main__ - DEBUG - Help handler registered.
2025-01-18 23:01:00,414 - __main__ - DEBUG - Breakfast handler registered.
2025-01-18 23:01:00,414 - __main__ - DEBUG - Dinner handler registered.
2025-01-18 23:01:00,414 - __main__ - DEBUG - Makan handler registered.
2025-01-18 23:01:00,415 - __main__ - DEBUG - Clear handler registered.
2025-01-18 23:01:00,415 - __main__ - DEBUG - Registering button handler...
2025-01-18 23:01:00,415 - __main__ - INFO - Polling started. Bot is running...
2025-01-18 23:08:08,726 - __main__ - INFO - Starting bot...
2025-01-18 23:08:08,760 - __main__ - INFO - Registering command handlers...
2025-01-18 23:08:08,760 - __main__ - DEBUG - Start handler registered.
2025-01-18 23:08:08,760 - __main__ - DEBUG - Help handler registered.
2025-01-18 23:08:08,760 - __main__ - DEBUG - Breakfast handler registered.
2025-01-18 23:08:08,760 - __main__ - DEBUG - Dinner handler registered.
2025-01-18 23:08:08,760 - __main__ - DEBUG - Makan handler registered.
2025-01-18 23:08:08,760 - __main__ - DEBUG - Clear handler registered.
2025-01-18 23:08:08,760 - __main__ - DEBUG - Registering button handler...
2025-01-18 23:08:08,760 - __main__ - INFO - Polling started. Bot is running...
2025-01-18 23:08:24,002 - handlers.buttons - INFO - User hanlin (916633356) confirmed breakfast times: {'7:15', '8:15'}
2025-01-18 23:11:57,189 - handlers.buttons - INFO - User hanlin (916633356) confirmed breakfast times: {'8:15'}
2025-01-18 23:21:24,457 - __main__ - INFO - Starting bot...
2025-01-18 23:21:24,491 - __main__ - INFO - Registering command handlers...
2025-01-18 23:21:24,491 - __main__ - DEBUG - Start handler registered.
2025-01-18 23:21:24,491 - __main__ - DEBUG - Help handler registered.
2025-01-18 23:21:24,491 - __main__ - DEBUG - Breakfast handler registered.
2025-01-18 23:21:24,491 - __main__ - DEBUG - Dinner handler registered.
2025-01-18 23:21:24,491 - __main__ - DEBUG - Makan handler registered.
2025-01-18 23:21:24,491 - __main__ - DEBUG - Clear handler registered.
2025-01-18 23:21:24,491 - __main__ - DEBUG - Registering button handler...
2025-01-18 23:21:24,491 - __main__ - INFO - Polling started. Bot is running...
2025-01-19 01:18:07,535 - __main__ - INFO - Starting bot...
2025-01-19 01:18:07,592 - __main__ - INFO - Registering command handlers...
2025-01-19 01:18:07,593 - __main__ - DEBUG - Start handler registered.
2025-01-19 01:18:07,593 - __main__ - DEBUG - Help handler registered.
2025-01-19 01:18:07,593 - __main__ - DEBUG - Breakfast handler registered.
2025-01-19 01:18:07,593 - __main__ - DEBUG - Dinner handler registered.
2025-01-19 01:18:07,593 - __main__ - DEBUG - Makan handler registered.
2025-01-19 01:18:07,593 - __main__ - DEBUG - Clear handler registered.
2025-01-19 01:18:07,593 - __main__ - DEBUG - Registering button handler...
2025-01-19 01:18:07,593 - __main__ - INFO - Polling started. Bot is running...
2025-01-19 01:19:31,909 - handlers.buttons - INFO - User hanlin (916633356) confirmed breakfast times: {'7:15', '7:30', '8:15', '8:30'}
2025-01-19 01:46:23,393 - __main__ - INFO - Starting bot...
2025-01-19 01:46:23,426 - __main__ - INFO - Registering command handlers...
2025-01-19 01:46:23,427 - __main__ - DEBUG - Start handler registered.
2025-01-19 01:46:23,427 - __main__ - DEBUG - Help handler registered.
2025-01-19 01:46:23,427 - __main__ - DEBUG - Breakfast handler registered.
2025-01-19 01:46:23,427 - __main__ - DEBUG - Dinner handler registered.
2025-01-19 01:46:23,427 - __main__ - DEBUG - Makan handler registered.
2025-01-19 01:46:23,427 - __main__ - DEBUG - Clear handler registered.
2025-01-19 01:46:23,427 - __main__ - DEBUG - Registering button handler...
2025-01-19 01:46:23,427 - __main__ - INFO - Polling started. Bot is running...
